0 info it worked if it ends with ok
1 verbose cli [ '/Users/marc/.nvm/versions/node/v6.0.0/bin/node',
1 verbose cli   '/Users/marc/.nvm/versions/node/v6.0.0/bin/npm',
1 verbose cli   'start' ]
2 info using npm@3.8.6
3 info using node@v6.0.0
4 verbose run-script [ 'prestart', 'start', 'poststart' ]
5 info lifecycle todo@0.0.1~prestart: todo@0.0.1
6 silly lifecycle todo@0.0.1~prestart: no script for prestart, continuing
7 info lifecycle todo@0.0.1~start: todo@0.0.1
8 verbose lifecycle todo@0.0.1~start: unsafe-perm in lifecycle true
9 verbose lifecycle todo@0.0.1~start: PATH: /Users/marc/.nvm/versions/node/v6.0.0/lib/node_modules/npm/bin/node-gyp-bin:/Users/marc/Desktop/todo/todo/node_modules/.bin:/Users/marc/.nvm/versions/node/v6.0.0/bin:/Users/marc/.nvm/versions/node/v6.0.0/bin:/usr/local/bin:/usr/bin:/bin:/usr/sbin:/sbin:/usr/local/go/bin:/usr/local/git/bin
10 verbose lifecycle todo@0.0.1~start: CWD: /Users/marc/Desktop/todo/todo
11 silly lifecycle todo@0.0.1~start: Args: [ '-c', 'react-native start' ]
12 silly lifecycle todo@0.0.1~start: Returned: code: 1  signal: null
13 info lifecycle todo@0.0.1~start: Failed to exec start script
14 verbose stack Error: todo@0.0.1 start: `react-native start`
14 verbose stack Exit status 1
14 verbose stack     at EventEmitter.<anonymous> (/Users/marc/.nvm/versions/node/v6.0.0/lib/node_modules/npm/lib/utils/lifecycle.js:239:16)
14 verbose stack     at emitTwo (events.js:106:13)
14 verbose stack     at EventEmitter.emit (events.js:191:7)
14 verbose stack     at ChildProcess.<anonymous> (/Users/marc/.nvm/versions/node/v6.0.0/lib/node_modules/npm/lib/utils/spawn.js:24:14)
14 verbose stack     at emitTwo (events.js:106:13)
14 verbose stack     at ChildProcess.emit (events.js:191:7)
14 verbose stack     at maybeClose (internal/child_process.js:850:16)
14 verbose stack     at Process.ChildProcess._handle.onexit (internal/child_process.js:215:5)
15 verbose pkgid todo@0.0.1
16 verbose cwd /Users/marc/Desktop/todo/todo
17 error Darwin 18.7.0
18 error argv "/Users/marc/.nvm/versions/node/v6.0.0/bin/node" "/Users/marc/.nvm/versions/node/v6.0.0/bin/npm" "start"
19 error node v6.0.0
20 error npm  v3.8.6
21 error code ELIFECYCLE
22 error todo@0.0.1 start: `react-native start`
22 error Exit status 1
23 error Failed at the todo@0.0.1 start script 'react-native start'.
23 error Make sure you have the latest version of node.js and npm installed.
23 error If you do, this is most likely a problem with the todo package,
23 error not with npm itself.
23 error Tell the author that this fails on your system:
23 error     react-native start
23 error You can get information on how to open an issue for this project with:
23 error     npm bugs todo
23 error Or if that isn't available, you can get their info via:
23 error     npm owner ls todo
23 error There is likely additional logging output above.
24 verbose exit [ 1, true ]
